<?xml version="1.0" encoding="utf-8"?><testsuites name="pytest tests"><testsuite name="pytest" errors="0" failures="0" skipped="0" tests="4" time="1.353" timestamp="2026-09-03T12:53:00.634122+00:00" hostname="agent-env-7a7e8dc5-6897-4e91-aada-a05582bc184f"><testcase classname="tests.test_quote_api.TestRootApi" name="test_api_root_returns_message" time="0.244" /><testcase classname="tests.test_quote_api.TestQuoteRequests" name="test_quote_missing_required_field_returns_422" time="0.218" /><testcase classname="tests.test_quote_api.TestQuoteRequests" name="test_quote_without_resend_config_returns_503" time="0.241" /><testcase classname="tests.test_quote_api.TestQuoteRequests" name="test_quote_invalid_attachment_type_returns_415" time="0.240" /></testsuite></testsuites>