<?xml version="1.0" encoding="utf-8"?><testsuites name="pytest tests"><testsuite name="pytest" errors="0" failures="0" skipped="0" tests="6" time="7.520" timestamp="2026-09-03T15:37:28.641714+00:00" hostname="agent-env-7a7e8dc5-6897-4e91-aada-a05582bc184f"><testcase classname="tests.test_assistant_streaming.TestAssistantStreaming" name="test_assistant_chat_streams_delta_then_done" time="3.651" /><testcase classname="tests.test_quote_api.TestQuoteRequests" name="test_quote_missing_required_field_returns_422" time="0.295" /><testcase classname="tests.test_quote_api.TestQuoteRequests" name="test_quote_without_resend_config_returns_503" time="0.159" /><testcase classname="tests.test_quote_api.TestQuoteRequests" name="test_quote_invalid_attachment_type_returns_415" time="0.158" /><testcase classname="tests.test_assistant_streaming.TestAssistantStreaming" name="test_assistant_response_avoids_architecture_and_pricing_claims" time="3.098" /><testcase classname="tests.test_quote_api.TestRootApi" name="test_api_root_returns_message" time="0.209" /></testsuite></testsuites>